Analysis & Synthesis report for VGA
Sun Dec 23 07:14:34 2018
Quartus II 64-Bit Version 13.1.0 Build 162 10/23/2013 SJ Full Version


---------------------
; Table of Contents ;
---------------------
  1. Legal Notice
  2. Analysis & Synthesis Summary
  3. Analysis & Synthesis Settings
  4. Parallel Compilation
  5. Analysis & Synthesis Source Files Read
  6. Analysis & Synthesis Resource Usage Summary
  7. Analysis & Synthesis Resource Utilization by Entity
  8. Registers Removed During Synthesis
  9. General Register Statistics
 10. Inverted Register Statistics
 11. Multiplexer Restructuring Statistics (Restructuring Performed)
 12. Parameter Settings for User Entity Instance: Top-level Entity: |vga_display
 13. Parameter Settings for User Entity Instance: screen:screen_ins
 14. Port Connectivity Checks: "screen:screen_ins"
 15. Elapsed Time Per Partition
 16. Analysis & Synthesis Messages



----------------
; Legal Notice ;
----------------
Copyright (C) 1991-2013 Altera Corporation
Your use of Altera Corporation's design tools, logic functions 
and other software and tools, and its AMPP partner logic 
functions, and any output files from any of the foregoing 
(including device programming or simulation files), and any 
associated documentation or information are expressly subject 
to the terms and conditions of the Altera Program License 
Subscription Agreement, Altera MegaCore Function License 
Agreement, or other applicable license agreement, including, 
without limitation, that your use is for the sole purpose of 
programming logic devices manufactured by Altera and sold by 
Altera or its authorized distributors.  Please refer to the 
applicable agreement for further details.



+-------------------------------------------------------------------------------+
; Analysis & Synthesis Summary                                                  ;
+---------------------------------+---------------------------------------------+
; Analysis & Synthesis Status     ; Successful - Sun Dec 23 07:14:34 2018       ;
; Quartus II 64-Bit Version       ; 13.1.0 Build 162 10/23/2013 SJ Full Version ;
; Revision Name                   ; VGA                                         ;
; Top-level Entity Name           ; vga_display                                 ;
; Family                          ; Cyclone V                                   ;
; Logic utilization (in ALMs)     ; N/A                                         ;
; Total registers                 ; 188                                         ;
; Total pins                      ; 36                                          ;
; Total virtual pins              ; 0                                           ;
; Total block memory bits         ; 0                                           ;
; Total DSP Blocks                ; 0                                           ;
; Total HSSI RX PCSs              ; 0                                           ;
; Total HSSI PMA RX Deserializers ; 0                                           ;
; Total HSSI TX PCSs              ; 0                                           ;
; Total HSSI TX Channels          ; 0                                           ;
; Total PLLs                      ; 0                                           ;
; Total DLLs                      ; 0                                           ;
+---------------------------------+---------------------------------------------+


+---------------------------------------------------------------------------------------------------------------------------+
; Analysis & Synthesis Settings                                                                                             ;
+---------------------------------------------------------------------------------+--------------------+--------------------+
; Option                                                                          ; Setting            ; Default Value      ;
+---------------------------------------------------------------------------------+--------------------+--------------------+
; Device                                                                          ; 5CSEMA5F31C6       ;                    ;
; Top-level entity name                                                           ; vga_display        ; VGA                ;
; Family name                                                                     ; Cyclone V          ; Cyclone IV GX      ;
; Use smart compilation                                                           ; Off                ; Off                ;
; Enable parallel Assembler and TimeQuest Timing Analyzer during compilation      ; On                 ; On                 ;
; Enable compact report table                                                     ; Off                ; Off                ;
; Restructure Multiplexers                                                        ; Auto               ; Auto               ;
; MLAB Add Timing Constraints For Mixed-Port Feed-Through Mode Setting Don't Care ; Off                ; Off                ;
; Create Debugging Nodes for IP Cores                                             ; Off                ; Off                ;
; Preserve fewer node names                                                       ; On                 ; On                 ;
; Disable OpenCore Plus hardware evaluation                                       ; Off                ; Off                ;
; Verilog Version                                                                 ; Verilog_2001       ; Verilog_2001       ;
; VHDL Version                                                                    ; VHDL_1993          ; VHDL_1993          ;
; State Machine Processing                                                        ; Auto               ; Auto               ;
; Safe State Machine                                                              ; Off                ; Off                ;
; Extract Verilog State Machines                                                  ; On                 ; On                 ;
; Extract VHDL State Machines                                                     ; On                 ; On                 ;
; Ignore Verilog initial constructs                                               ; Off                ; Off                ;
; Iteration limit for constant Verilog loops                                      ; 5000               ; 5000               ;
; Iteration limit for non-constant Verilog loops                                  ; 250                ; 250                ;
; Add Pass-Through Logic to Inferred RAMs                                         ; On                 ; On                 ;
; Infer RAMs from Raw Logic                                                       ; On                 ; On                 ;
; Parallel Synthesis                                                              ; On                 ; On                 ;
; DSP Block Balancing                                                             ; Auto               ; Auto               ;
; NOT Gate Push-Back                                                              ; On                 ; On                 ;
; Power-Up Don't Care                                                             ; On                 ; On                 ;
; Remove Redundant Logic Cells                                                    ; Off                ; Off                ;
; Remove Duplicate Registers                                                      ; On                 ; On                 ;
; Ignore CARRY Buffers                                                            ; Off                ; Off                ;
; Ignore CASCADE Buffers                                                          ; Off                ; Off                ;
; Ignore GLOBAL Buffers                                                           ; Off                ; Off                ;
; Ignore ROW GLOBAL Buffers                                                       ; Off                ; Off                ;
; Ignore LCELL Buffers                                                            ; Off                ; Off                ;
; Ignore SOFT Buffers                                                             ; On                 ; On                 ;
; Limit AHDL Integers to 32 Bits                                                  ; Off                ; Off                ;
; Optimization Technique                                                          ; Balanced           ; Balanced           ;
; Carry Chain Length                                                              ; 70                 ; 70                 ;
; Auto Carry Chains                                                               ; On                 ; On                 ;
; Auto Open-Drain Pins                                                            ; On                 ; On                 ;
; Perform WYSIWYG Primitive Resynthesis                                           ; Off                ; Off                ;
; Auto ROM Replacement                                                            ; On                 ; On                 ;
; Auto RAM Replacement                                                            ; On                 ; On                 ;
; Auto DSP Block Replacement                                                      ; On                 ; On                 ;
; Auto Shift Register Replacement                                                 ; Auto               ; Auto               ;
; Allow Shift Register Merging across Hierarchies                                 ; Auto               ; Auto               ;
; Auto Clock Enable Replacement                                                   ; On                 ; On                 ;
; Strict RAM Replacement                                                          ; Off                ; Off                ;
; Allow Synchronous Control Signals                                               ; On                 ; On                 ;
; Force Use of Synchronous Clear Signals                                          ; Off                ; Off                ;
; Auto Resource Sharing                                                           ; Off                ; Off                ;
; Allow Any RAM Size For Recognition                                              ; Off                ; Off                ;
; Allow Any ROM Size For Recognition                                              ; Off                ; Off                ;
; Allow Any Shift Register Size For Recognition                                   ; Off                ; Off                ;
; Use LogicLock Constraints during Resource Balancing                             ; On                 ; On                 ;
; Ignore translate_off and synthesis_off directives                               ; Off                ; Off                ;
; Timing-Driven Synthesis                                                         ; On                 ; On                 ;
; Report Parameter Settings                                                       ; On                 ; On                 ;
; Report Source Assignments                                                       ; On                 ; On                 ;
; Report Connectivity Checks                                                      ; On                 ; On                 ;
; Ignore Maximum Fan-Out Assignments                                              ; Off                ; Off                ;
; Synchronization Register Chain Length                                           ; 3                  ; 3                  ;
; PowerPlay Power Optimization                                                    ; Normal compilation ; Normal compilation ;
; HDL message level                                                               ; Level2             ; Level2             ;
; Suppress Register Optimization Related Messages                                 ; Off                ; Off                ;
; Number of Removed Registers Reported in Synthesis Report                        ; 5000               ; 5000               ;
; Number of Swept Nodes Reported in Synthesis Report                              ; 5000               ; 5000               ;
; Number of Inverted Registers Reported in Synthesis Report                       ; 100                ; 100                ;
; Clock MUX Protection                                                            ; On                 ; On                 ;
; Auto Gated Clock Conversion                                                     ; Off                ; Off                ;
; Block Design Naming                                                             ; Auto               ; Auto               ;
; SDC constraint protection                                                       ; Off                ; Off                ;
; Synthesis Effort                                                                ; Auto               ; Auto               ;
; Shift Register Replacement - Allow Asynchronous Clear Signal                    ; On                 ; On                 ;
; Pre-Mapping Resynthesis Optimization                                            ; Off                ; Off                ;
; Analysis & Synthesis Message Level                                              ; Medium             ; Medium             ;
; Disable Register Merging Across Hierarchies                                     ; Auto               ; Auto               ;
; Resource Aware Inference For Block RAM                                          ; On                 ; On                 ;
; Synthesis Seed                                                                  ; 1                  ; 1                  ;
; Automatic Parallel Synthesis                                                    ; On                 ; On                 ;
+---------------------------------------------------------------------------------+--------------------+--------------------+


+------------------------------------------+
; Parallel Compilation                     ;
+----------------------------+-------------+
; Processors                 ; Number      ;
+----------------------------+-------------+
; Number detected on machine ; 12          ;
; Maximum allowed            ; 6           ;
;                            ;             ;
; Average used               ; 1.00        ;
; Maximum used               ; 6           ;
;                            ;             ;
; Usage by Processor         ; % Time Used ;
;     Processor 1            ; 100.0%      ;
;     Processors 2-6         ; < 0.1%      ;
;     Processors 7-12        ;   0.0%      ;
+----------------------------+-------------+


+----------------------------------------------------------------------------------------------------------------------------+
; Analysis & Synthesis Source Files Read                                                                                     ;
+----------------------------------+-----------------+------------------------+------------------------------------+---------+
; File Name with User-Entered Path ; Used in Netlist ; File Type              ; File Name with Absolute Path       ; Library ;
+----------------------------------+-----------------+------------------------+------------------------------------+---------+
; vga_display.v                    ; yes             ; User Verilog HDL File  ; C:/SE345/Verilog-VGA/vga_display.v ;         ;
; screen.v                         ; yes             ; User Verilog HDL File  ; C:/SE345/Verilog-VGA/screen.v      ;         ;
+----------------------------------+-----------------+------------------------+------------------------------------+---------+


+---------------------------------------------------------+
; Analysis & Synthesis Resource Usage Summary             ;
+---------------------------------------------+-----------+
; Resource                                    ; Usage     ;
+---------------------------------------------+-----------+
; Estimate of Logic utilization (ALMs needed) ; 821       ;
;                                             ;           ;
; Combinational ALUT usage for logic          ; 1296      ;
;     -- 7 input functions                    ; 24        ;
;     -- 6 input functions                    ; 319       ;
;     -- 5 input functions                    ; 164       ;
;     -- 4 input functions                    ; 145       ;
;     -- <=3 input functions                  ; 644       ;
;                                             ;           ;
; Dedicated logic registers                   ; 188       ;
;                                             ;           ;
; I/O pins                                    ; 36        ;
; Total DSP Blocks                            ; 0         ;
; Maximum fan-out node                        ; always2~2 ;
; Maximum fan-out                             ; 174       ;
; Total fan-out                               ; 5595      ;
; Average fan-out                             ; 3.60      ;
+---------------------------------------------+-----------+


+----------------------------------------------------------------------------------------------------------------------------------------------------------------------+
; Analysis & Synthesis Resource Utilization by Entity                                                                                                                  ;
+----------------------------+-------------------+--------------+-------------------+------------+------+--------------+--------------------------------+--------------+
; Compilation Hierarchy Node ; LC Combinationals ; LC Registers ; Block Memory Bits ; DSP Blocks ; Pins ; Virtual Pins ; Full Hierarchy Name            ; Library Name ;
+----------------------------+-------------------+--------------+-------------------+------------+------+--------------+--------------------------------+--------------+
; |vga_display               ; 1296 (1268)       ; 188 (168)    ; 0                 ; 0          ; 36   ; 0            ; |vga_display                   ; work         ;
;    |screen:screen_ins|     ; 28 (28)           ; 20 (20)      ; 0                 ; 0          ; 0    ; 0            ; |vga_display|screen:screen_ins ; work         ;
+----------------------------+-------------------+--------------+-------------------+------------+------+--------------+--------------------------------+--------------+
Note: For table entries with two numbers listed, the numbers in parentheses indicate the number of resources of the given type used by the specific entity alone. The numbers listed outside of parentheses indicate the total resources of the given type used by the specific entity and all of its sub-entities in the hierarchy.


+--------------------------------------------------------------------------------+
; Registers Removed During Synthesis                                             ;
+---------------------------------------+----------------------------------------+
; Register name                         ; Reason for Removal                     ;
+---------------------------------------+----------------------------------------+
; VGA_B[2]~reg0                         ; Stuck at GND due to stuck port data_in ;
; rec_x[1]                              ; Stuck at GND due to stuck port data_in ;
; ball_y[0]                             ; Stuck at GND due to stuck port data_in ;
; Total Number of Removed Registers = 3 ;                                        ;
+---------------------------------------+----------------------------------------+


+------------------------------------------------------+
; General Register Statistics                          ;
+----------------------------------------------+-------+
; Statistic                                    ; Value ;
+----------------------------------------------+-------+
; Total registers                              ; 188   ;
; Number of registers using Synchronous Clear  ; 78    ;
; Number of registers using Synchronous Load   ; 0     ;
; Number of registers using Asynchronous Clear ; 0     ;
; Number of registers using Asynchronous Load  ; 0     ;
; Number of registers using Clock Enable       ; 39    ;
; Number of registers using Preset             ; 0     ;
+----------------------------------------------+-------+


+---------------------------------------------------+
; Inverted Register Statistics                      ;
+-----------------------------------------+---------+
; Inverted Register                       ; Fan out ;
+-----------------------------------------+---------+
; rec_x[0]                                ; 16      ;
; battles_state[9]                        ; 4       ;
; battles_state[10]                       ; 3       ;
; battles_state[11]                       ; 3       ;
; battles_state[8]                        ; 3       ;
; battles_state[4]                        ; 3       ;
; battles_state[6]                        ; 3       ;
; battles_state[5]                        ; 4       ;
; battles_state[7]                        ; 3       ;
; battles_state[0]                        ; 3       ;
; battles_state[1]                        ; 3       ;
; battles_state[2]                        ; 3       ;
; battles_state[3]                        ; 3       ;
; rec_x[7]                                ; 14      ;
; rec_x[6]                                ; 14      ;
; rec_x[3]                                ; 13      ;
; ball_x[6]                               ; 10      ;
; ball_x[5]                               ; 10      ;
; ball_x[2]                               ; 9       ;
; ball_y[6]                               ; 9       ;
; ball_y[5]                               ; 10      ;
; ball_y[2]                               ; 8       ;
; direction[1]                            ; 1       ;
; direction[0]                            ; 1       ;
; Total number of inverted registers = 24 ;         ;
+-----------------------------------------+---------+


+------------------------------------------------------------------------------------------------------------------------------------------------------+
; Multiplexer Restructuring Statistics (Restructuring Performed)                                                                                       ;
+--------------------+-----------+---------------+----------------------+------------------------+------------+----------------------------------------+
; Multiplexer Inputs ; Bus Width ; Baseline Area ; Area if Restructured ; Saving if Restructured ; Registered ; Example Multiplexer Output             ;
+--------------------+-----------+---------------+----------------------+------------------------+------------+----------------------------------------+
; 3:1                ; 10 bits   ; 20 LEs        ; 0 LEs                ; 20 LEs                 ; Yes        ; |vga_display|screen:screen_ins|Hcnt[8] ;
; 3:1                ; 3 bits    ; 6 LEs         ; 6 LEs                ; 0 LEs                  ; Yes        ; |vga_display|VGA_R[1]~reg0             ;
; 4:1                ; 10 bits   ; 20 LEs        ; 0 LEs                ; 20 LEs                 ; Yes        ; |vga_display|screen:screen_ins|Vcnt[9] ;
; 6:1                ; 27 bits   ; 108 LEs       ; 54 LEs               ; 54 LEs                 ; Yes        ; |vga_display|ball_y[19]                ;
; 6:1                ; 27 bits   ; 108 LEs       ; 54 LEs               ; 54 LEs                 ; Yes        ; |vga_display|ball_x[17]                ;
; 6:1                ; 2 bits    ; 8 LEs         ; 2 LEs                ; 6 LEs                  ; Yes        ; |vga_display|rec_x[2]                  ;
; 6:1                ; 26 bits   ; 104 LEs       ; 52 LEs               ; 52 LEs                 ; Yes        ; |vga_display|rec_x[11]                 ;
; 6:1                ; 3 bits    ; 12 LEs        ; 6 LEs                ; 6 LEs                  ; Yes        ; |vga_display|ball_y[2]                 ;
; 6:1                ; 3 bits    ; 12 LEs        ; 6 LEs                ; 6 LEs                  ; Yes        ; |vga_display|ball_x[5]                 ;
; 6:1                ; 3 bits    ; 12 LEs        ; 6 LEs                ; 6 LEs                  ; Yes        ; |vga_display|rec_x[6]                  ;
; 13:1               ; 2 bits    ; 16 LEs        ; 16 LEs               ; 0 LEs                  ; No         ; |vga_display|VGA_R                     ;
; 14:1               ; 2 bits    ; 18 LEs        ; 18 LEs               ; 0 LEs                  ; No         ; |vga_display|VGA_R                     ;
+--------------------+-----------+---------------+----------------------+------------------------+------------+----------------------------------------+


+-----------------------------------------------------------------------------+
; Parameter Settings for User Entity Instance: Top-level Entity: |vga_display ;
+----------------+------------+-----------------------------------------------+
; Parameter Name ; Value      ; Type                                          ;
+----------------+------------+-----------------------------------------------+
; TOP            ; 0          ; Signed Integer                                ;
; BOTTOM         ; 0111100000 ; Unsigned Binary                               ;
; LEFT           ; 0          ; Signed Integer                                ;
; RIGHT          ; 1010000000 ; Unsigned Binary                               ;
; battles_num    ; 12         ; Signed Integer                                ;
; battles_gap    ; 0001100100 ; Unsigned Binary                               ;
; battle_radius  ; 0000101000 ; Unsigned Binary                               ;
; ball_radius    ; 0000001010 ; Unsigned Binary                               ;
; rec_height     ; 0000011110 ; Unsigned Binary                               ;
; rec_width      ; 0001100100 ; Unsigned Binary                               ;
; COUNT_200ms    ; 4999999    ; Signed Integer                                ;
; COUNT_500ms    ; 12999999   ; Signed Integer                                ;
+----------------+------------+-----------------------------------------------+
Note: In order to hide this table in the UI and the text report file, please set the "Show Parameter Settings in Synthesis Report" option in "Analysis and Synthesis Settings -> More Settings" to "Off".


+----------------------------------------------------------------+
; Parameter Settings for User Entity Instance: screen:screen_ins ;
+----------------+-------+---------------------------------------+
; Parameter Name ; Value ; Type                                  ;
+----------------+-------+---------------------------------------+
; visible_area_h ; 640   ; Signed Integer                        ;
; front_porch_h  ; 16    ; Signed Integer                        ;
; sync_pulse_h   ; 96    ; Signed Integer                        ;
; back_porch_h   ; 48    ; Signed Integer                        ;
; whole_line_h   ; 800   ; Signed Integer                        ;
; visible_area_v ; 480   ; Signed Integer                        ;
; front_porch_v  ; 10    ; Signed Integer                        ;
; sync_pulse_v   ; 2     ; Signed Integer                        ;
; back_porch_v   ; 33    ; Signed Integer                        ;
; whole_line_v   ; 525   ; Signed Integer                        ;
+----------------+-------+---------------------------------------+
Note: In order to hide this table in the UI and the text report file, please set the "Show Parameter Settings in Synthesis Report" option in "Analysis and Synthesis Settings -> More Settings" to "Off".


+-----------------------------------------------------------------------------------------------------------------------------------------------------------------------------------------------------+
; Port Connectivity Checks: "screen:screen_ins"                                                                                                                                                       ;
+------+--------+----------+--------------------------------------------------------------------------------------------------------------------------------------------------------------------------+
; Port ; Type   ; Severity ; Details                                                                                                                                                                  ;
+------+--------+----------+--------------------------------------------------------------------------------------------------------------------------------------------------------------------------+
; Hcnt ; Output ; Warning  ; Output or bidir port (10 bits) is smaller than the port expression (32 bits) it drives.  The 22 most-significant bit(s) in the port expression will be connected to GND. ;
; Vcnt ; Output ; Warning  ; Output or bidir port (10 bits) is smaller than the port expression (32 bits) it drives.  The 22 most-significant bit(s) in the port expression will be connected to GND. ;
+------+--------+----------+--------------------------------------------------------------------------------------------------------------------------------------------------------------------------+


+-------------------------------+
; Elapsed Time Per Partition    ;
+----------------+--------------+
; Partition Name ; Elapsed Time ;
+----------------+--------------+
; Top            ; 00:00:06     ;
+----------------+--------------+


+-------------------------------+
; Analysis & Synthesis Messages ;
+-------------------------------+
Info: *******************************************************************
Info: Running Quartus II 64-Bit Analysis & Synthesis
    Info: Version 13.1.0 Build 162 10/23/2013 SJ Full Version
    Info: Processing started: Sun Dec 23 07:14:24 2018
Info: Command: quartus_map --read_settings_files=on --write_settings_files=off VGA -c VGA
Info (11104): Parallel Compilation has detected 12 hyper-threaded processors. However, the extra hyper-threaded processors will not be used by default. Parallel Compilation will use 6 of the 6 physical processors detected instead.
Info (12021): Found 1 design units, including 1 entities, in source file sevenseg.v
    Info (12023): Found entity 1: sevenseg
Info (12021): Found 1 design units, including 1 entities, in source file out_port_seg.v
    Info (12023): Found entity 1: out_port_seg
Info (12021): Found 1 design units, including 1 entities, in source file vga_display.v
    Info (12023): Found entity 1: vga_display
Info (12021): Found 1 design units, including 1 entities, in source file output_files/v.bdf
    Info (12023): Found entity 1: V
Info (12021): Found 1 design units, including 1 entities, in source file screen.v
    Info (12023): Found entity 1: screen
Warning (10227): Verilog HDL Port Declaration warning at sevenseg.v(4): data type declaration for "ledsegments" declares packed dimensions but the port declaration declaration does not
Info (10499): HDL info at sevenseg.v(3): see declaration for object "ledsegments"
Info (12127): Elaborating entity "vga_display" for the top level hierarchy
Warning (10036): Verilog HDL or VHDL warning at vga_display.v(43): object "y_top_state" assigned a value but never read
Warning (10036): Verilog HDL or VHDL warning at vga_display.v(43): object "y_bottom_state" assigned a value but never read
Warning (10036): Verilog HDL or VHDL warning at vga_display.v(45): object "temp" assigned a value but never read
Warning (10036): Verilog HDL or VHDL warning at vga_display.v(82): object "c" assigned a value but never read
Warning (10855): Verilog HDL warning at vga_display.v(47): initial value for variable temp should be constant
Warning (10230): Verilog HDL assignment warning at vga_display.v(251): truncated value with size 32 to match size of target (2)
Info (12128): Elaborating entity "screen" for hierarchy "screen:screen_ins"
Warning (10230): Verilog HDL assignment warning at screen.v(40): truncated value with size 32 to match size of target (10)
Warning (10230): Verilog HDL assignment warning at screen.v(44): truncated value with size 32 to match size of target (10)
Warning (12241): 1 hierarchies have connectivity warnings - see the Connectivity Checks report folder
Warning (13024): Output pins are stuck at VCC or GND
    Warning (13410): Pin "VGA_B[2]" is stuck at GND
Info (286030): Timing-Driven Synthesis is running
Warning (20013): Ignored assignments for entity "simple_vga_game" -- entity does not exist in design
    Warning (20014): Assignment for entity set_instance_assignment -name PARTITION_HIERARCHY root_partition -to | -entity simple_vga_game -section_id Top was ignored
    Warning (20014): Assignment for entity set_global_assignment -name PARTITION_NETLIST_TYPE SOURCE -entity simple_vga_game -section_id Top was ignored
    Warning (20014): Assignment for entity set_global_assignment -name PARTITION_FITTER_PRESERVATION_LEVEL PLACEMENT_AND_ROUTING -entity simple_vga_game -section_id Top was ignored
    Warning (20014): Assignment for entity set_global_assignment -name PARTITION_PRESERVE_HIGH_SPEED_TILES ON -entity simple_vga_game -section_id Top was ignored
    Warning (20014): Assignment for entity set_global_assignment -name PARTITION_IGNORE_SOURCE_FILE_CHANGES OFF -entity simple_vga_game -section_id Top was ignored
    Warning (20014): Assignment for entity set_global_assignment -name PARTITION_ALWAYS_USE_QXP_NETLIST OFF -entity simple_vga_game -section_id Top was ignored
    Warning (20014): Assignment for entity set_global_assignment -name PARTITION_COLOR 16764057 -entity simple_vga_game -section_id Top was ignored
    Warning (20014): Assignment for entity set_global_assignment -name PARTITION_IMPORT_ASSIGNMENTS ON -entity simple_vga_game -section_id Top was ignored
    Warning (20014): Assignment for entity set_global_assignment -name PARTITION_IMPORT_EXISTING_ASSIGNMENTS REPLACE_CONFLICTING -entity simple_vga_game -section_id Top was ignored
    Warning (20014): Assignment for entity set_global_assignment -name PARTITION_IMPORT_EXISTING_LOGICLOCK_REGIONS UPDATE_CONFLICTING -entity simple_vga_game -section_id Top was ignored
    Warning (20014): Assignment for entity set_global_assignment -name PARTITION_IMPORT_PIN_ASSIGNMENTS ON -entity simple_vga_game -section_id Top was ignored
    Warning (20014): Assignment for entity set_global_assignment -name PARTITION_IMPORT_PROMOTE_ASSIGNMENTS ON -entity simple_vga_game -section_id Top was ignored
    Warning (20014): Assignment for entity set_global_assignment -name PARTITION_TYPE STANDARD_PARTITION -entity simple_vga_game -section_id Top was ignored
    Warning (20014): Assignment for entity set_global_assignment -name ALLOW_MULTIPLE_PERSONAS OFF -entity simple_vga_game -section_id Top was ignored
    Warning (20014): Assignment for entity set_global_assignment -name PARTITION_ASD_REGION_ID 1 -entity simple_vga_game -section_id Top was ignored
    Warning (20014): Assignment for entity set_global_assignment -name CROSS_BOUNDARY_OPTIMIZATIONS OFF -entity simple_vga_game -section_id Top was ignored
    Warning (20014): Assignment for entity set_global_assignment -name PROPAGATE_CONSTANTS_ON_INPUTS ON -entity simple_vga_game -section_id Top was ignored
    Warning (20014): Assignment for entity set_global_assignment -name PROPAGATE_INVERSIONS_ON_INPUTS ON -entity simple_vga_game -section_id Top was ignored
    Warning (20014): Assignment for entity set_global_assignment -name REMOVE_LOGIC_ON_UNCONNECTED_OUTPUTS ON -entity simple_vga_game -section_id Top was ignored
    Warning (20014): Assignment for entity set_global_assignment -name MERGE_EQUIVALENT_INPUTS ON -entity simple_vga_game -section_id Top was ignored
    Warning (20014): Assignment for entity set_global_assignment -name MERGE_EQUIVALENT_BIDIRS ON -entity simple_vga_game -section_id Top was ignored
    Warning (20014): Assignment for entity set_global_assignment -name ABSORB_PATHS_FROM_OUTPUTS_TO_INPUTS ON -entity simple_vga_game -section_id Top was ignored
    Warning (20014): Assignment for entity set_global_assignment -name PARTITION_EXTRACT_HARD_BLOCK_NODES ON -entity simple_vga_game -section_id Top was ignored
    Warning (20014): Assignment for entity set_global_assignment -name PARTITION_ENABLE_STRICT_PRESERVATION OFF -entity simple_vga_game -section_id Top was ignored
Info (16010): Generating hard_block partition "hard_block:auto_generated_inst"
    Info (16011): Adding 0 node(s), including 0 DDIO, 0 PLL, 0 transceiver and 0 LCELL
Warning (21074): Design contains 3 input pin(s) that do not drive logic
    Warning (15610): No output dependent on input pin "up"
    Warning (15610): No output dependent on input pin "sw9"
    Warning (15610): No output dependent on input pin "sw8"
Info (21057): Implemented 1371 device resources after synthesis - the final resource count might be different
    Info (21058): Implemented 8 input pins
    Info (21059): Implemented 28 output pins
    Info (21061): Implemented 1335 logic cells
Info: Quartus II 64-Bit Analysis & Synthesis was successful. 0 errors, 41 warnings
    Info: Peak virtual memory: 4748 megabytes
    Info: Processing ended: Sun Dec 23 07:14:34 2018
    Info: Elapsed time: 00:00:10
    Info: Total CPU time (on all processors): 00:00:10


