Flow report for VGA
Sun Dec 23 21:40:25 2018
Quartus II 64-Bit Version 13.1.0 Build 162 10/23/2013 SJ Full Version


---------------------
; Table of Contents ;
---------------------
  1. Legal Notice
  2. Flow Summary
  3. Flow Settings
  4. Flow Non-Default Global Settings
  5. Flow Elapsed Time
  6. Flow OS Summary
  7. Flow Log
  8. Flow Messages
  9. Flow Suppressed Messages



----------------
; Legal Notice ;
----------------
Copyright (C) 1991-2013 Altera Corporation
Your use of Altera Corporation's design tools, logic functions 
and other software and tools, and its AMPP partner logic 
functions, and any output files from any of the foregoing 
(including device programming or simulation files), and any 
associated documentation or information are expressly subject 
to the terms and conditions of the Altera Program License 
Subscription Agreement, Altera MegaCore Function License 
Agreement, or other applicable license agreement, including, 
without limitation, that your use is for the sole purpose of 
programming logic devices manufactured by Altera and sold by 
Altera or its authorized distributors.  Please refer to the 
applicable agreement for further details.



+-------------------------------------------------------------------------------+
; Flow Summary                                                                  ;
+---------------------------------+---------------------------------------------+
; Flow Status                     ; Successful - Sun Dec 23 21:40:25 2018       ;
; Quartus II 64-Bit Version       ; 13.1.0 Build 162 10/23/2013 SJ Full Version ;
; Revision Name                   ; VGA                                         ;
; Top-level Entity Name           ; vga_display                                 ;
; Family                          ; Cyclone V                                   ;
; Device                          ; 5CSEMA5F31C6                                ;
; Timing Models                   ; Preliminary                                 ;
; Logic utilization (in ALMs)     ; 1,323 / 32,070 ( 4 % )                      ;
; Total registers                 ; 219                                         ;
; Total pins                      ; 95 / 457 ( 21 % )                           ;
; Total virtual pins              ; 0                                           ;
; Total block memory bits         ; 0 / 4,065,280 ( 0 % )                       ;
; Total DSP Blocks                ; 0 / 87 ( 0 % )                              ;
; Total HSSI RX PCSs              ; 0                                           ;
; Total HSSI PMA RX Deserializers ; 0                                           ;
; Total HSSI TX PCSs              ; 0                                           ;
; Total HSSI TX Channels          ; 0                                           ;
; Total PLLs                      ; 0 / 6 ( 0 % )                               ;
; Total DLLs                      ; 0 / 4 ( 0 % )                               ;
+---------------------------------+---------------------------------------------+


+-----------------------------------------+
; Flow Settings                           ;
+-------------------+---------------------+
; Option            ; Setting             ;
+-------------------+---------------------+
; Start date & time ; 12/23/2018 21:38:44 ;
; Main task         ; Compilation         ;
; Revision Name     ; VGA                 ;
+-------------------+---------------------+


+--------------------------------------------------------------------------------------------------------------------------+
; Flow Non-Default Global Settings                                                                                         ;
+-------------------------------------+---------------------------------+---------------+-----------------+----------------+
; Assignment Name                     ; Value                           ; Default Value ; Entity Name     ; Section Id     ;
+-------------------------------------+---------------------------------+---------------+-----------------+----------------+
; COMPILER_SIGNATURE_ID               ; 154027290082112.154557232418368 ; --            ; --              ; --             ;
; EDA_OUTPUT_DATA_FORMAT              ; Vhdl                            ; --            ; --              ; eda_simulation ;
; EDA_SIMULATION_TOOL                 ; ModelSim-Altera (VHDL)          ; <None>        ; --              ; --             ;
; MAX_CORE_JUNCTION_TEMP              ; 85                              ; --            ; --              ; --             ;
; MIN_CORE_JUNCTION_TEMP              ; 0                               ; --            ; --              ; --             ;
; PARTITION_COLOR                     ; 16764057                        ; --            ; simple_vga_game ; Top            ;
; PARTITION_COLOR                     ; 16764057                        ; --            ; vga_display     ; Top            ;
; PARTITION_FITTER_PRESERVATION_LEVEL ; PLACEMENT_AND_ROUTING           ; --            ; simple_vga_game ; Top            ;
; PARTITION_FITTER_PRESERVATION_LEVEL ; PLACEMENT_AND_ROUTING           ; --            ; vga_display     ; Top            ;
; PARTITION_NETLIST_TYPE              ; SOURCE                          ; --            ; simple_vga_game ; Top            ;
; PARTITION_NETLIST_TYPE              ; SOURCE                          ; --            ; vga_display     ; Top            ;
; PROJECT_OUTPUT_DIRECTORY            ; output_files                    ; --            ; --              ; --             ;
; TOP_LEVEL_ENTITY                    ; vga_display                     ; VGA           ; --              ; --             ;
+-------------------------------------+---------------------------------+---------------+-----------------+----------------+


+-------------------------------------------------------------------------------------------------------------------------------+
; Flow Elapsed Time                                                                                                             ;
+---------------------------+--------------+-------------------------+---------------------+------------------------------------+
; Module Name               ; Elapsed Time ; Average Processors Used ; Peak Virtual Memory ; Total CPU Time (on all processors) ;
+---------------------------+--------------+-------------------------+---------------------+------------------------------------+
; Analysis & Synthesis      ; 00:00:09     ; 1.0                     ; 4749 MB             ; 00:00:09                           ;
; Fitter                    ; 00:00:59     ; 2.4                     ; 6279 MB             ; 00:01:43                           ;
; Assembler                 ; 00:00:12     ; 1.0                     ; 4812 MB             ; 00:00:12                           ;
; TimeQuest Timing Analyzer ; 00:00:11     ; 2.1                     ; 5054 MB             ; 00:00:17                           ;
; EDA Netlist Writer        ; 00:00:02     ; 1.0                     ; 4669 MB             ; 00:00:02                           ;
; Total                     ; 00:01:33     ; --                      ; --                  ; 00:02:23                           ;
+---------------------------+--------------+-------------------------+---------------------+------------------------------------+


+----------------------------------------------------------------------------------------+
; Flow OS Summary                                                                        ;
+---------------------------+------------------+-----------+------------+----------------+
; Module Name               ; Machine Hostname ; OS Name   ; OS Version ; Processor type ;
+---------------------------+------------------+-----------+------------+----------------+
; Analysis & Synthesis      ; LAPTOP-G97TGGSJ  ; Windows 7 ; 6.2        ; x86_64         ;
; Fitter                    ; LAPTOP-G97TGGSJ  ; Windows 7 ; 6.2        ; x86_64         ;
; Assembler                 ; LAPTOP-G97TGGSJ  ; Windows 7 ; 6.2        ; x86_64         ;
; TimeQuest Timing Analyzer ; LAPTOP-G97TGGSJ  ; Windows 7 ; 6.2        ; x86_64         ;
; EDA Netlist Writer        ; LAPTOP-G97TGGSJ  ; Windows 7 ; 6.2        ; x86_64         ;
+---------------------------+------------------+-----------+------------+----------------+


------------
; Flow Log ;
------------
quartus_map --read_settings_files=on --write_settings_files=off VGA -c VGA
quartus_fit --read_settings_files=off --write_settings_files=off VGA -c VGA
quartus_asm --read_settings_files=off --write_settings_files=off VGA -c VGA
quartus_sta VGA -c VGA
quartus_eda --read_settings_files=off --write_settings_files=off VGA -c VGA



